Analysis & Synthesis report for root
Mon May  2 13:33:21 2016
Quartus II 64-Bit Version 15.0.0 Build 145 04/22/2015 SJ Web Edition


---------------------
; Table of Contents ;
---------------------
  1. Legal Notice
  2. Analysis & Synthesis Summary
  3. Analysis & Synthesis Settings
  4. Analysis & Synthesis Source Files Read
  5. Analysis & Synthesis Resource Usage Summary
  6. Analysis & Synthesis Resource Utilization by Entity
  7. State Machine - |root|refresh_timer:ref_timer|state
  8. Registers Removed During Synthesis
  9. Removed Registers Triggering Further Register Optimizations
 10. General Register Statistics
 11. Multiplexer Restructuring Statistics (Restructuring Performed)
 12. Port Connectivity Checks: "refresh_timer:ref_timer"
 13. Post-Synthesis Netlist Statistics for Top Partition
 14. Elapsed Time Per Partition
 15. Analysis & Synthesis Messages



----------------
; Legal Notice ;
----------------
Copyright (C) 1991-2015 Altera Corporation. All rights reserved.
Your use of Altera Corporation's design tools, logic functions 
and other software and tools, and its AMPP partner logic 
functions, and any output files from any of the foregoing 
(including device programming or simulation files), and any 
associated documentation or information are expressly subject 
to the terms and conditions of the Altera Program License 
Subscription Agreement, the Altera Quartus II License Agreement,
the Altera MegaCore Function License Agreement, or other 
applicable license agreement, including, without limitation, 
that your use is for the sole purpose of programming logic 
devices manufactured by Altera and sold by Altera or its 
authorized distributors.  Please refer to the applicable 
agreement for further details.



+------------------------------------------------------------------------------+
; Analysis & Synthesis Summary                                                 ;
+---------------------------------+--------------------------------------------+
; Analysis & Synthesis Status     ; Successful - Mon May  2 13:33:21 2016      ;
; Quartus II 64-Bit Version       ; 15.0.0 Build 145 04/22/2015 SJ Web Edition ;
; Revision Name                   ; root                                       ;
; Top-level Entity Name           ; root                                       ;
; Family                          ; Cyclone V                                  ;
; Logic utilization (in ALMs)     ; N/A                                        ;
; Total registers                 ; 0                                          ;
; Total pins                      ; 36                                         ;
; Total virtual pins              ; 0                                          ;
; Total block memory bits         ; 0                                          ;
; Total DSP Blocks                ; 0                                          ;
; Total HSSI RX PCSs              ; 0                                          ;
; Total HSSI PMA RX Deserializers ; 0                                          ;
; Total HSSI TX PCSs              ; 0                                          ;
; Total HSSI PMA TX Serializers   ; 0                                          ;
; Total PLLs                      ; 0                                          ;
; Total DLLs                      ; 0                                          ;
+---------------------------------+--------------------------------------------+


+---------------------------------------------------------------------------------------------------------------------------+
; Analysis & Synthesis Settings                                                                                             ;
+---------------------------------------------------------------------------------+--------------------+--------------------+
; Option                                                                          ; Setting            ; Default Value      ;
+---------------------------------------------------------------------------------+--------------------+--------------------+
; Device                                                                          ; 5CGXFC7C7F23C8     ;                    ;
; Top-level entity name                                                           ; root               ; root               ;
; Family name                                                                     ; Cyclone V          ; Cyclone V          ;
; Use smart compilation                                                           ; Off                ; Off                ;
; Enable parallel Assembler and TimeQuest Timing Analyzer during compilation      ; On                 ; On                 ;
; Enable compact report table                                                     ; Off                ; Off                ;
; Restructure Multiplexers                                                        ; Auto               ; Auto               ;
; MLAB Add Timing Constraints For Mixed-Port Feed-Through Mode Setting Don't Care ; Off                ; Off                ;
; Create Debugging Nodes for IP Cores                                             ; Off                ; Off                ;
; Preserve fewer node names                                                       ; On                 ; On                 ;
; Disable OpenCore Plus hardware evaluation                                       ; Off                ; Off                ;
; Verilog Version                                                                 ; Verilog_2001       ; Verilog_2001       ;
; VHDL Version                                                                    ; VHDL_1993          ; VHDL_1993          ;
; State Machine Processing                                                        ; Auto               ; Auto               ;
; Safe State Machine                                                              ; Off                ; Off                ;
; Extract Verilog State Machines                                                  ; On                 ; On                 ;
; Extract VHDL State Machines                                                     ; On                 ; On                 ;
; Ignore Verilog initial constructs                                               ; Off                ; Off                ;
; Iteration limit for constant Verilog loops                                      ; 5000               ; 5000               ;
; Iteration limit for non-constant Verilog loops                                  ; 250                ; 250                ;
; Add Pass-Through Logic to Inferred RAMs                                         ; On                 ; On                 ;
; Infer RAMs from Raw Logic                                                       ; On                 ; On                 ;
; Parallel Synthesis                                                              ; On                 ; On                 ;
; DSP Block Balancing                                                             ; Auto               ; Auto               ;
; NOT Gate Push-Back                                                              ; On                 ; On                 ;
; Power-Up Don't Care                                                             ; On                 ; On                 ;
; Remove Redundant Logic Cells                                                    ; Off                ; Off                ;
; Remove Duplicate Registers                                                      ; On                 ; On                 ;
; Ignore CARRY Buffers                                                            ; Off                ; Off                ;
; Ignore CASCADE Buffers                                                          ; Off                ; Off                ;
; Ignore GLOBAL Buffers                                                           ; Off                ; Off                ;
; Ignore ROW GLOBAL Buffers                                                       ; Off                ; Off                ;
; Ignore LCELL Buffers                                                            ; Off                ; Off                ;
; Ignore SOFT Buffers                                                             ; On                 ; On                 ;
; Limit AHDL Integers to 32 Bits                                                  ; Off                ; Off                ;
; Optimization Technique                                                          ; Balanced           ; Balanced           ;
; Carry Chain Length                                                              ; 70                 ; 70                 ;
; Auto Carry Chains                                                               ; On                 ; On                 ;
; Auto Open-Drain Pins                                                            ; On                 ; On                 ;
; Perform WYSIWYG Primitive Resynthesis                                           ; Off                ; Off                ;
; Auto ROM Replacement                                                            ; On                 ; On                 ;
; Auto RAM Replacement                                                            ; On                 ; On                 ;
; Auto DSP Block Replacement                                                      ; On                 ; On                 ;
; Auto Shift Register Replacement                                                 ; Auto               ; Auto               ;
; Allow Shift Register Merging across Hierarchies                                 ; Auto               ; Auto               ;
; Auto Clock Enable Replacement                                                   ; On                 ; On                 ;
; Strict RAM Replacement                                                          ; Off                ; Off                ;
; Allow Synchronous Control Signals                                               ; On                 ; On                 ;
; Force Use of Synchronous Clear Signals                                          ; Off                ; Off                ;
; Auto Resource Sharing                                                           ; Off                ; Off                ;
; Allow Any RAM Size For Recognition                                              ; Off                ; Off                ;
; Allow Any ROM Size For Recognition                                              ; Off                ; Off                ;
; Allow Any Shift Register Size For Recognition                                   ; Off                ; Off                ;
; Use LogicLock Constraints during Resource Balancing                             ; On                 ; On                 ;
; Ignore translate_off and synthesis_off directives                               ; Off                ; Off                ;
; Timing-Driven Synthesis                                                         ; On                 ; On                 ;
; Report Parameter Settings                                                       ; On                 ; On                 ;
; Report Source Assignments                                                       ; On                 ; On                 ;
; Report Connectivity Checks                                                      ; On                 ; On                 ;
; Ignore Maximum Fan-Out Assignments                                              ; Off                ; Off                ;
; Synchronization Register Chain Length                                           ; 3                  ; 3                  ;
; PowerPlay Power Optimization During Synthesis                                   ; Normal compilation ; Normal compilation ;
; HDL message level                                                               ; Level2             ; Level2             ;
; Suppress Register Optimization Related Messages                                 ; Off                ; Off                ;
; Number of Removed Registers Reported in Synthesis Report                        ; 5000               ; 5000               ;
; Number of Swept Nodes Reported in Synthesis Report                              ; 5000               ; 5000               ;
; Number of Inverted Registers Reported in Synthesis Report                       ; 100                ; 100                ;
; Clock MUX Protection                                                            ; On                 ; On                 ;
; Auto Gated Clock Conversion                                                     ; Off                ; Off                ;
; Block Design Naming                                                             ; Auto               ; Auto               ;
; SDC constraint protection                                                       ; Off                ; Off                ;
; Synthesis Effort                                                                ; Auto               ; Auto               ;
; Shift Register Replacement - Allow Asynchronous Clear Signal                    ; On                 ; On                 ;
; Pre-Mapping Resynthesis Optimization                                            ; Off                ; Off                ;
; Analysis & Synthesis Message Level                                              ; Medium             ; Medium             ;
; Disable Register Merging Across Hierarchies                                     ; Auto               ; Auto               ;
; Resource Aware Inference For Block RAM                                          ; On                 ; On                 ;
; Synthesis Seed                                                                  ; 1                  ; 1                  ;
; Automatic Parallel Synthesis                                                    ; On                 ; On                 ;
; Partial Reconfiguration Bitstream ID                                            ; Off                ; Off                ;
+---------------------------------------------------------------------------------+--------------------+--------------------+


+------------------------------------------------------------------------------------------------------------------------------------------------------------+
; Analysis & Synthesis Source Files Read                                                                                                                     ;
+-----------------------------------------+-----------------+-----------------+--------------------------------------------------------------------+---------+
; File Name with User-Entered Path        ; Used in Netlist ; File Type       ; File Name with Absolute Path                                       ; Library ;
+-----------------------------------------+-----------------+-----------------+--------------------------------------------------------------------+---------+
; ../../src/root/root_package.vhd         ; yes             ; User VHDL File  ; /home/mathias/t-crest/MemoryTree/src/root/root_package.vhd         ;         ;
; ../../src/root/root.vhd                 ; yes             ; User VHDL File  ; /home/mathias/t-crest/MemoryTree/src/root/root.vhd                 ;         ;
; ../../src/root/refresh_timer.vhd        ; yes             ; User VHDL File  ; /home/mathias/t-crest/MemoryTree/src/root/refresh_timer.vhd        ;         ;
; ../../src/common/memorytree_package.vhd ; yes             ; User VHDL File  ; /home/mathias/t-crest/MemoryTree/src/common/memorytree_package.vhd ;         ;
+-----------------------------------------+-----------------+-----------------+--------------------------------------------------------------------+---------+


+--------------------------------------------------------------+
; Analysis & Synthesis Resource Usage Summary                  ;
+---------------------------------------------+----------------+
; Resource                                    ; Usage          ;
+---------------------------------------------+----------------+
; Estimate of Logic utilization (ALMs needed) ; 0              ;
;                                             ;                ;
; Combinational ALUT usage for logic          ; 0              ;
;     -- 7 input functions                    ; 0              ;
;     -- 6 input functions                    ; 0              ;
;     -- 5 input functions                    ; 0              ;
;     -- 4 input functions                    ; 0              ;
;     -- <=3 input functions                  ; 0              ;
;                                             ;                ;
; Dedicated logic registers                   ; 0              ;
;                                             ;                ;
; I/O pins                                    ; 36             ;
;                                             ;                ;
; Total DSP Blocks                            ; 0              ;
;                                             ;                ;
; Maximum fan-out node                        ; r2l.payload[0] ;
; Maximum fan-out                             ; 1              ;
; Total fan-out                               ; 36             ;
; Average fan-out                             ; 0.50           ;
+---------------------------------------------+----------------+


+-----------------------------------------------------------------------------------------------------------------------------------------------------------+
; Analysis & Synthesis Resource Utilization by Entity                                                                                                       ;
+----------------------------+-------------------+--------------+-------------------+------------+------+--------------+---------------------+--------------+
; Compilation Hierarchy Node ; LC Combinationals ; LC Registers ; Block Memory Bits ; DSP Blocks ; Pins ; Virtual Pins ; Full Hierarchy Name ; Library Name ;
+----------------------------+-------------------+--------------+-------------------+------------+------+--------------+---------------------+--------------+
; |root                      ; 0 (0)             ; 0 (0)        ; 0                 ; 0          ; 36   ; 0            ; |root               ; work         ;
+----------------------------+-------------------+--------------+-------------------+------------+------+--------------+---------------------+--------------+
Note: For table entries with two numbers listed, the numbers in parentheses indicate the number of resources of the given type used by the specific entity alone. The numbers listed outside of parentheses indicate the total resources of the given type used by the specific entity and all of its sub-entities in the hierarchy.


Encoding Type:  One-Hot
+----------------------------------------------------------------------------+
; State Machine - |root|refresh_timer:ref_timer|state                        ;
+----------------+------------+------------+----------------+----------------+
; Name           ; state.halt ; state.idle ; state.refresh2 ; state.refresh1 ;
+----------------+------------+------------+----------------+----------------+
; state.refresh1 ; 0          ; 0          ; 0              ; 0              ;
; state.refresh2 ; 0          ; 0          ; 1              ; 1              ;
; state.idle     ; 0          ; 1          ; 0              ; 1              ;
; state.halt     ; 1          ; 0          ; 0              ; 1              ;
+----------------+------------+------------+----------------+----------------+


+-------------------------------------------------------------+
; Registers Removed During Synthesis                          ;
+----------------------------------------+--------------------+
; Register name                          ; Reason for Removal ;
+----------------------------------------+--------------------+
; refresh_timer:ref_timer|counter[0..31] ; Lost fanout        ;
; refresh_timer:ref_timer|state.refresh1 ; Lost fanout        ;
; refresh_timer:ref_timer|state.refresh2 ; Lost fanout        ;
; refresh_timer:ref_timer|state.idle     ; Lost fanout        ;
; refresh_timer:ref_timer|state.halt     ; Lost fanout        ;
; Total Number of Removed Registers = 36 ;                    ;
+----------------------------------------+--------------------+


+-------------------------------------------------------------------------------------------------------------------------------------+
; Removed Registers Triggering Further Register Optimizations                                                                         ;
+------------------------------------+--------------------+---------------------------------------------------------------------------+
; Register name                      ; Reason for Removal ; Registers Removed due to This Register                                    ;
+------------------------------------+--------------------+---------------------------------------------------------------------------+
; refresh_timer:ref_timer|counter[8] ; Lost Fanouts       ; refresh_timer:ref_timer|counter[16], refresh_timer:ref_timer|counter[15], ;
;                                    ;                    ; refresh_timer:ref_timer|counter[14], refresh_timer:ref_timer|counter[13], ;
;                                    ;                    ; refresh_timer:ref_timer|counter[12], refresh_timer:ref_timer|counter[11], ;
;                                    ;                    ; refresh_timer:ref_timer|counter[10], refresh_timer:ref_timer|counter[9],  ;
;                                    ;                    ; refresh_timer:ref_timer|counter[17], refresh_timer:ref_timer|counter[7],  ;
;                                    ;                    ; refresh_timer:ref_timer|counter[6], refresh_timer:ref_timer|counter[5],   ;
;                                    ;                    ; refresh_timer:ref_timer|counter[4], refresh_timer:ref_timer|counter[3],   ;
;                                    ;                    ; refresh_timer:ref_timer|counter[2], refresh_timer:ref_timer|counter[1],   ;
;                                    ;                    ; refresh_timer:ref_timer|counter[0], refresh_timer:ref_timer|counter[18],  ;
;                                    ;                    ; refresh_timer:ref_timer|counter[31], refresh_timer:ref_timer|counter[30], ;
;                                    ;                    ; refresh_timer:ref_timer|counter[29], refresh_timer:ref_timer|counter[28], ;
;                                    ;                    ; refresh_timer:ref_timer|counter[27], refresh_timer:ref_timer|counter[26], ;
;                                    ;                    ; refresh_timer:ref_timer|counter[25], refresh_timer:ref_timer|counter[24], ;
;                                    ;                    ; refresh_timer:ref_timer|counter[23], refresh_timer:ref_timer|counter[22], ;
;                                    ;                    ; refresh_timer:ref_timer|counter[21], refresh_timer:ref_timer|counter[20], ;
;                                    ;                    ; refresh_timer:ref_timer|counter[19], refresh_timer:ref_timer|state.halt   ;
+------------------------------------+--------------------+---------------------------------------------------------------------------+


+------------------------------------------------------+
; General Register Statistics                          ;
+----------------------------------------------+-------+
; Statistic                                    ; Value ;
+----------------------------------------------+-------+
; Total registers                              ; 0     ;
; Number of registers using Synchronous Clear  ; 0     ;
; Number of registers using Synchronous Load   ; 0     ;
; Number of registers using Asynchronous Clear ; 0     ;
; Number of registers using Asynchronous Load  ; 0     ;
; Number of registers using Clock Enable       ; 0     ;
; Number of registers using Preset             ; 0     ;
+----------------------------------------------+-------+


+--------------------------------------------------------------------------------------------------------------------------------------------------------+
; Multiplexer Restructuring Statistics (Restructuring Performed)                                                                                         ;
+--------------------+-----------+---------------+----------------------+------------------------+------------+------------------------------------------+
; Multiplexer Inputs ; Bus Width ; Baseline Area ; Area if Restructured ; Saving if Restructured ; Registered ; Example Multiplexer Output               ;
+--------------------+-----------+---------------+----------------------+------------------------+------------+------------------------------------------+
; 4:1                ; 32 bits   ; 64 LEs        ; 0 LEs                ; 64 LEs                 ; Yes        ; |root|refresh_timer:ref_timer|counter[8] ;
; 7:1                ; 4 bits    ; 16 LEs        ; 12 LEs               ; 4 LEs                  ; No         ; |root|refresh_timer:ref_timer|state      ;
+--------------------+-----------+---------------+----------------------+------------------------+------------+------------------------------------------+


+--------------------------------------------------------------------------------------------------------------------------------+
; Port Connectivity Checks: "refresh_timer:ref_timer"                                                                            ;
+----------------------+--------+----------+-------------------------------------------------------------------------------------+
; Port                 ; Type   ; Severity ; Details                                                                             ;
+----------------------+--------+----------+-------------------------------------------------------------------------------------+
; ref                  ; Output ; Info     ; Connected to dangling logic. Logic that only feeds a dangling port will be removed. ;
; postpone_transaction ; Output ; Info     ; Connected to dangling logic. Logic that only feeds a dangling port will be removed. ;
+----------------------+--------+----------+-------------------------------------------------------------------------------------+


+-----------------------------------------------------+
; Post-Synthesis Netlist Statistics for Top Partition ;
+-------------------+---------------------------------+
; Type              ; Count                           ;
+-------------------+---------------------------------+
; boundary_port     ; 36                              ;
;                   ;                                 ;
; Max LUT depth     ; 0.00                            ;
; Average LUT depth ; 0.00                            ;
+-------------------+---------------------------------+


+-------------------------------+
; Elapsed Time Per Partition    ;
+----------------+--------------+
; Partition Name ; Elapsed Time ;
+----------------+--------------+
; Top            ; 00:00:00     ;
+----------------+--------------+


+-------------------------------+
; Analysis & Synthesis Messages ;
+-------------------------------+
Info: *******************************************************************
Info: Running Quartus II 64-Bit Analysis & Synthesis
    Info: Version 15.0.0 Build 145 04/22/2015 SJ Web Edition
    Info: Processing started: Mon May  2 13:32:49 2016
Info: Command: quartus_map --read_settings_files=on --write_settings_files=off root -c root
Warning (20028): Parallel compilation is not licensed and has been disabled
Info (12021): Found 1 design units, including 0 entities, in source file /home/mathias/t-crest/MemoryTree/src/root/root_package.vhd
    Info (12022): Found design unit 1: root_package
Info (12021): Found 2 design units, including 1 entities, in source file /home/mathias/t-crest/MemoryTree/src/root/root.vhd
    Info (12022): Found design unit 1: root-rtl
    Info (12023): Found entity 1: root
Info (12021): Found 2 design units, including 1 entities, in source file /home/mathias/t-crest/MemoryTree/src/root/refresh_timer.vhd
    Info (12022): Found design unit 1: refresh_timer-rtl
    Info (12023): Found entity 1: refresh_timer
Info (12021): Found 1 design units, including 0 entities, in source file /home/mathias/t-crest/MemoryTree/src/common/memorytree_package.vhd
    Info (12022): Found design unit 1: MemoryTreePackage
Info (12127): Elaborating entity "root" for the top level hierarchy
Warning (10036): Verilog HDL or VHDL warning at root.vhd(45): object "ref" assigned a value but never read
Warning (10036): Verilog HDL or VHDL warning at root.vhd(46): object "postpone_transaction" assigned a value but never read
Info (12128): Elaborating entity "refresh_timer" for hierarchy "refresh_timer:ref_timer"
Warning (10492): VHDL Process Statement warning at refresh_timer.vhd(53): signal "counter" is read inside the Process Statement but isn't in the Process Statement's sensitivity list
Warning (10492): VHDL Process Statement warning at refresh_timer.vhd(62): signal "counter" is read inside the Process Statement but isn't in the Process Statement's sensitivity list
Warning (10492): VHDL Process Statement warning at refresh_timer.vhd(66): signal "counter" is read inside the Process Statement but isn't in the Process Statement's sensitivity list
Warning (10492): VHDL Process Statement warning at refresh_timer.vhd(70): signal "counter" is read inside the Process Statement but isn't in the Process Statement's sensitivity list
Info (17049): 36 registers lost all their fanouts during netlist optimizations.
Info (16010): Generating hard_block partition "hard_block:auto_generated_inst"
    Info (16011): Adding 0 node(s), including 0 DDIO, 0 PLL, 0 transceiver and 0 LCELL
Warning (21074): Design contains 36 input pin(s) that do not drive logic
    Warning (15610): No output dependent on input pin "r2l.payload[0]"
    Warning (15610): No output dependent on input pin "r2l.payload[1]"
    Warning (15610): No output dependent on input pin "r2l.payload[2]"
    Warning (15610): No output dependent on input pin "r2l.payload[3]"
    Warning (15610): No output dependent on input pin "r2l.payload[4]"
    Warning (15610): No output dependent on input pin "r2l.payload[5]"
    Warning (15610): No output dependent on input pin "r2l.payload[6]"
    Warning (15610): No output dependent on input pin "r2l.payload[7]"
    Warning (15610): No output dependent on input pin "r2l.payload[8]"
    Warning (15610): No output dependent on input pin "r2l.payload[9]"
    Warning (15610): No output dependent on input pin "r2l.payload[10]"
    Warning (15610): No output dependent on input pin "r2l.payload[11]"
    Warning (15610): No output dependent on input pin "r2l.payload[12]"
    Warning (15610): No output dependent on input pin "r2l.payload[13]"
    Warning (15610): No output dependent on input pin "r2l.payload[14]"
    Warning (15610): No output dependent on input pin "r2l.payload[15]"
    Warning (15610): No output dependent on input pin "r2l.payload[16]"
    Warning (15610): No output dependent on input pin "r2l.payload[17]"
    Warning (15610): No output dependent on input pin "r2l.payload[18]"
    Warning (15610): No output dependent on input pin "r2l.payload[19]"
    Warning (15610): No output dependent on input pin "r2l.payload[20]"
    Warning (15610): No output dependent on input pin "r2l.payload[21]"
    Warning (15610): No output dependent on input pin "r2l.payload[22]"
    Warning (15610): No output dependent on input pin "r2l.payload[23]"
    Warning (15610): No output dependent on input pin "r2l.payload[24]"
    Warning (15610): No output dependent on input pin "r2l.payload[25]"
    Warning (15610): No output dependent on input pin "r2l.payload[26]"
    Warning (15610): No output dependent on input pin "r2l.payload[27]"
    Warning (15610): No output dependent on input pin "r2l.payload[28]"
    Warning (15610): No output dependent on input pin "r2l.payload[29]"
    Warning (15610): No output dependent on input pin "r2l.payload[30]"
    Warning (15610): No output dependent on input pin "r2l.payload[31]"
    Warning (15610): No output dependent on input pin "r2l.tag[0]"
    Warning (15610): No output dependent on input pin "r2l.tag[1]"
    Warning (15610): No output dependent on input pin "reset"
    Warning (15610): No output dependent on input pin "clk"
Info (21057): Implemented 36 device resources after synthesis - the final resource count might be different
    Info (21058): Implemented 36 input pins
    Info (21059): Implemented 0 output pins
Info: Quartus II 64-Bit Analysis & Synthesis was successful. 0 errors, 44 warnings
    Info: Peak virtual memory: 1064 megabytes
    Info: Processing ended: Mon May  2 13:33:21 2016
    Info: Elapsed time: 00:00:32
    Info: Total CPU time (on all processors): 00:00:24


