Analysis & Synthesis report for root_2_leaf
Tue May  3 15:55:09 2016
Quartus II 64-Bit Version 15.0.0 Build 145 04/22/2015 SJ Web Edition


---------------------
; Table of Contents ;
---------------------
  1. Legal Notice
  2. Analysis & Synthesis Summary
  3. Analysis & Synthesis Settings
  4. Analysis & Synthesis Source Files Read
  5. Analysis & Synthesis Resource Usage Summary
  6. Analysis & Synthesis Resource Utilization by Entity
  7. State Machine - |root_2_leaf|network_adapter:\leafs:3:leaf_node|state
  8. State Machine - |root_2_leaf|network_adapter:\leafs:2:leaf_node|state
  9. State Machine - |root_2_leaf|network_adapter:\leafs:1:leaf_node|state
 10. State Machine - |root_2_leaf|network_adapter:\leafs:0:leaf_node|state
 11. State Machine - |root_2_leaf|root:root_module|refresh_timer:ref_timer|state
 12. Registers Removed During Synthesis
 13. Removed Registers Triggering Further Register Optimizations
 14. General Register Statistics
 15. Multiplexer Restructuring Statistics (Restructuring Performed)
 16. Parameter Settings for User Entity Instance: r2l_noc:noc|router:\routers:0:levels:0:router_inst
 17. Parameter Settings for User Entity Instance: r2l_noc:noc|router:\routers:0:levels:0:router_inst|routerport:\ports:0:outport
 18. Parameter Settings for User Entity Instance: r2l_noc:noc|router:\routers:0:levels:0:router_inst|routerport:\ports:1:outport
 19. Parameter Settings for User Entity Instance: r2l_noc:noc|router:\routers:1:levels:0:router_inst
 20. Parameter Settings for User Entity Instance: r2l_noc:noc|router:\routers:1:levels:0:router_inst|routerport:\ports:0:outport
 21. Parameter Settings for User Entity Instance: r2l_noc:noc|router:\routers:1:levels:0:router_inst|routerport:\ports:1:outport
 22. Parameter Settings for User Entity Instance: r2l_noc:noc|router:\routers:1:levels:1:router_inst
 23. Parameter Settings for User Entity Instance: r2l_noc:noc|router:\routers:1:levels:1:router_inst|routerport:\ports:0:outport
 24. Parameter Settings for User Entity Instance: r2l_noc:noc|router:\routers:1:levels:1:router_inst|routerport:\ports:1:outport
 25. Port Connectivity Checks: "network_adapter:\leafs:3:leaf_node"
 26. Port Connectivity Checks: "network_adapter:\leafs:2:leaf_node"
 27. Port Connectivity Checks: "network_adapter:\leafs:1:leaf_node"
 28. Port Connectivity Checks: "network_adapter:\leafs:0:leaf_node"
 29. Port Connectivity Checks: "root:root_module|refresh_timer:ref_timer"
 30. Post-Synthesis Netlist Statistics for Top Partition
 31. Elapsed Time Per Partition
 32. Analysis & Synthesis Messages



----------------
; Legal Notice ;
----------------
Copyright (C) 1991-2015 Altera Corporation. All rights reserved.
Your use of Altera Corporation's design tools, logic functions 
and other software and tools, and its AMPP partner logic 
functions, and any output files from any of the foregoing 
(including device programming or simulation files), and any 
associated documentation or information are expressly subject 
to the terms and conditions of the Altera Program License 
Subscription Agreement, the Altera Quartus II License Agreement,
the Altera MegaCore Function License Agreement, or other 
applicable license agreement, including, without limitation, 
that your use is for the sole purpose of programming logic 
devices manufactured by Altera and sold by Altera or its 
authorized distributors.  Please refer to the applicable 
agreement for further details.



+------------------------------------------------------------------------------+
; Analysis & Synthesis Summary                                                 ;
+---------------------------------+--------------------------------------------+
; Analysis & Synthesis Status     ; Successful - Tue May  3 15:55:09 2016      ;
; Quartus II 64-Bit Version       ; 15.0.0 Build 145 04/22/2015 SJ Web Edition ;
; Revision Name                   ; root_2_leaf                                ;
; Top-level Entity Name           ; root_2_leaf                                ;
; Family                          ; Cyclone V                                  ;
; Logic utilization (in ALMs)     ; N/A                                        ;
; Total registers                 ; 0                                          ;
; Total pins                      ; 2                                          ;
; Total virtual pins              ; 0                                          ;
; Total block memory bits         ; 0                                          ;
; Total DSP Blocks                ; 0                                          ;
; Total HSSI RX PCSs              ; 0                                          ;
; Total HSSI PMA RX Deserializers ; 0                                          ;
; Total HSSI TX PCSs              ; 0                                          ;
; Total HSSI PMA TX Serializers   ; 0                                          ;
; Total PLLs                      ; 0                                          ;
; Total DLLs                      ; 0                                          ;
+---------------------------------+--------------------------------------------+


+---------------------------------------------------------------------------------------------------------------------------+
; Analysis & Synthesis Settings                                                                                             ;
+---------------------------------------------------------------------------------+--------------------+--------------------+
; Option                                                                          ; Setting            ; Default Value      ;
+---------------------------------------------------------------------------------+--------------------+--------------------+
; Device                                                                          ; 5CGXFC7C7F23C8     ;                    ;
; Top-level entity name                                                           ; root_2_leaf        ; root_2_leaf        ;
; Family name                                                                     ; Cyclone V          ; Cyclone V          ;
; Use smart compilation                                                           ; Off                ; Off                ;
; Enable parallel Assembler and TimeQuest Timing Analyzer during compilation      ; On                 ; On                 ;
; Enable compact report table                                                     ; Off                ; Off                ;
; Restructure Multiplexers                                                        ; Auto               ; Auto               ;
; MLAB Add Timing Constraints For Mixed-Port Feed-Through Mode Setting Don't Care ; Off                ; Off                ;
; Create Debugging Nodes for IP Cores                                             ; Off                ; Off                ;
; Preserve fewer node names                                                       ; On                 ; On                 ;
; Disable OpenCore Plus hardware evaluation                                       ; Off                ; Off                ;
; Verilog Version                                                                 ; Verilog_2001       ; Verilog_2001       ;
; VHDL Version                                                                    ; VHDL_1993          ; VHDL_1993          ;
; State Machine Processing                                                        ; Auto               ; Auto               ;
; Safe State Machine                                                              ; Off                ; Off                ;
; Extract Verilog State Machines                                                  ; On                 ; On                 ;
; Extract VHDL State Machines                                                     ; On                 ; On                 ;
; Ignore Verilog initial constructs                                               ; Off                ; Off                ;
; Iteration limit for constant Verilog loops                                      ; 5000               ; 5000               ;
; Iteration limit for non-constant Verilog loops                                  ; 250                ; 250                ;
; Add Pass-Through Logic to Inferred RAMs                                         ; On                 ; On                 ;
; Infer RAMs from Raw Logic                                                       ; On                 ; On                 ;
; Parallel Synthesis                                                              ; On                 ; On                 ;
; DSP Block Balancing                                                             ; Auto               ; Auto               ;
; NOT Gate Push-Back                                                              ; On                 ; On                 ;
; Power-Up Don't Care                                                             ; On                 ; On                 ;
; Remove Redundant Logic Cells                                                    ; Off                ; Off                ;
; Remove Duplicate Registers                                                      ; On                 ; On                 ;
; Ignore CARRY Buffers                                                            ; Off                ; Off                ;
; Ignore CASCADE Buffers                                                          ; Off                ; Off                ;
; Ignore GLOBAL Buffers                                                           ; Off                ; Off                ;
; Ignore ROW GLOBAL Buffers                                                       ; Off                ; Off                ;
; Ignore LCELL Buffers                                                            ; Off                ; Off                ;
; Ignore SOFT Buffers                                                             ; On                 ; On                 ;
; Limit AHDL Integers to 32 Bits                                                  ; Off                ; Off                ;
; Optimization Technique                                                          ; Balanced           ; Balanced           ;
; Carry Chain Length                                                              ; 70                 ; 70                 ;
; Auto Carry Chains                                                               ; On                 ; On                 ;
; Auto Open-Drain Pins                                                            ; On                 ; On                 ;
; Perform WYSIWYG Primitive Resynthesis                                           ; Off                ; Off                ;
; Auto ROM Replacement                                                            ; On                 ; On                 ;
; Auto RAM Replacement                                                            ; On                 ; On                 ;
; Auto DSP Block Replacement                                                      ; On                 ; On                 ;
; Auto Shift Register Replacement                                                 ; Auto               ; Auto               ;
; Allow Shift Register Merging across Hierarchies                                 ; Auto               ; Auto               ;
; Auto Clock Enable Replacement                                                   ; On                 ; On                 ;
; Strict RAM Replacement                                                          ; Off                ; Off                ;
; Allow Synchronous Control Signals                                               ; On                 ; On                 ;
; Force Use of Synchronous Clear Signals                                          ; Off                ; Off                ;
; Auto Resource Sharing                                                           ; Off                ; Off                ;
; Allow Any RAM Size For Recognition                                              ; Off                ; Off                ;
; Allow Any ROM Size For Recognition                                              ; Off                ; Off                ;
; Allow Any Shift Register Size For Recognition                                   ; Off                ; Off                ;
; Use LogicLock Constraints during Resource Balancing                             ; On                 ; On                 ;
; Ignore translate_off and synthesis_off directives                               ; Off                ; Off                ;
; Timing-Driven Synthesis                                                         ; On                 ; On                 ;
; Report Parameter Settings                                                       ; On                 ; On                 ;
; Report Source Assignments                                                       ; On                 ; On                 ;
; Report Connectivity Checks                                                      ; On                 ; On                 ;
; Ignore Maximum Fan-Out Assignments                                              ; Off                ; Off                ;
; Synchronization Register Chain Length                                           ; 3                  ; 3                  ;
; PowerPlay Power Optimization During Synthesis                                   ; Normal compilation ; Normal compilation ;
; HDL message level                                                               ; Level2             ; Level2             ;
; Suppress Register Optimization Related Messages                                 ; Off                ; Off                ;
; Number of Removed Registers Reported in Synthesis Report                        ; 5000               ; 5000               ;
; Number of Swept Nodes Reported in Synthesis Report                              ; 5000               ; 5000               ;
; Number of Inverted Registers Reported in Synthesis Report                       ; 100                ; 100                ;
; Clock MUX Protection                                                            ; On                 ; On                 ;
; Auto Gated Clock Conversion                                                     ; Off                ; Off                ;
; Block Design Naming                                                             ; Auto               ; Auto               ;
; SDC constraint protection                                                       ; Off                ; Off                ;
; Synthesis Effort                                                                ; Auto               ; Auto               ;
; Shift Register Replacement - Allow Asynchronous Clear Signal                    ; On                 ; On                 ;
; Pre-Mapping Resynthesis Optimization                                            ; Off                ; Off                ;
; Analysis & Synthesis Message Level                                              ; Medium             ; Medium             ;
; Disable Register Merging Across Hierarchies                                     ; Auto               ; Auto               ;
; Resource Aware Inference For Block RAM                                          ; On                 ; On                 ;
; Synthesis Seed                                                                  ; 1                  ; 1                  ;
; Automatic Parallel Synthesis                                                    ; On                 ; On                 ;
; Partial Reconfiguration Bitstream ID                                            ; Off                ; Off                ;
+---------------------------------------------------------------------------------+--------------------+--------------------+


+------------------------------------------------------------------------------------------------------------------------------------------------------------------------+
; Analysis & Synthesis Source Files Read                                                                                                                                 ;
+-----------------------------------------------+-----------------+-----------------+--------------------------------------------------------------------------+---------+
; File Name with User-Entered Path              ; Used in Netlist ; File Type       ; File Name with Absolute Path                                             ; Library ;
+-----------------------------------------------+-----------------+-----------------+--------------------------------------------------------------------------+---------+
; top.vhd                                       ; yes             ; User VHDL File  ; /home/mathias/t-crest/MemoryTree/build/root_2_leaf/top.vhd               ;         ;
; ../../src/root2leaf_noc/router/routerpart.vhd ; yes             ; User VHDL File  ; /home/mathias/t-crest/MemoryTree/src/root2leaf_noc/router/routerpart.vhd ;         ;
; ../../src/root2leaf_noc/router/router.vhd     ; yes             ; User VHDL File  ; /home/mathias/t-crest/MemoryTree/src/root2leaf_noc/router/router.vhd     ;         ;
; ../../src/root2leaf_noc/noc.vhd               ; yes             ; User VHDL File  ; /home/mathias/t-crest/MemoryTree/src/root2leaf_noc/noc.vhd               ;         ;
; ../../src/root/schedule_table.vhd             ; yes             ; User VHDL File  ; /home/mathias/t-crest/MemoryTree/src/root/schedule_table.vhd             ;         ;
; ../../src/root/routing_table.vhd              ; yes             ; User VHDL File  ; /home/mathias/t-crest/MemoryTree/src/root/routing_table.vhd              ;         ;
; ../../src/root/root_package.vhd               ; yes             ; User VHDL File  ; /home/mathias/t-crest/MemoryTree/src/root/root_package.vhd               ;         ;
; ../../src/root/root.vhd                       ; yes             ; User VHDL File  ; /home/mathias/t-crest/MemoryTree/src/root/root.vhd                       ;         ;
; ../../src/root/refresh_timer.vhd              ; yes             ; User VHDL File  ; /home/mathias/t-crest/MemoryTree/src/root/refresh_timer.vhd              ;         ;
; ../../src/ocp/ocp_config.vhd                  ; yes             ; User VHDL File  ; /home/mathias/t-crest/MemoryTree/src/ocp/ocp_config.vhd                  ;         ;
; ../../src/ocp/ocp.vhd                         ; yes             ; User VHDL File  ; /home/mathias/t-crest/MemoryTree/src/ocp/ocp.vhd                         ;         ;
; ../../src/network_adapter/na.vhd              ; yes             ; User VHDL File  ; /home/mathias/t-crest/MemoryTree/src/network_adapter/na.vhd              ;         ;
; ../../src/common/memorytree_package.vhd       ; yes             ; User VHDL File  ; /home/mathias/t-crest/MemoryTree/src/common/memorytree_package.vhd       ;         ;
+-----------------------------------------------+-----------------+-----------------+--------------------------------------------------------------------------+---------+


+-----------------------------------------------------+
; Analysis & Synthesis Resource Usage Summary         ;
+---------------------------------------------+-------+
; Resource                                    ; Usage ;
+---------------------------------------------+-------+
; Estimate of Logic utilization (ALMs needed) ; 0     ;
;                                             ;       ;
; Combinational ALUT usage for logic          ; 0     ;
;     -- 7 input functions                    ; 0     ;
;     -- 6 input functions                    ; 0     ;
;     -- 5 input functions                    ; 0     ;
;     -- 4 input functions                    ; 0     ;
;     -- <=3 input functions                  ; 0     ;
;                                             ;       ;
; Dedicated logic registers                   ; 0     ;
;                                             ;       ;
; I/O pins                                    ; 2     ;
;                                             ;       ;
; Total DSP Blocks                            ; 0     ;
;                                             ;       ;
; Maximum fan-out node                        ; clk   ;
; Maximum fan-out                             ; 1     ;
; Total fan-out                               ; 2     ;
; Average fan-out                             ; 0.50  ;
+---------------------------------------------+-------+


+-----------------------------------------------------------------------------------------------------------------------------------------------------------+
; Analysis & Synthesis Resource Utilization by Entity                                                                                                       ;
+----------------------------+-------------------+--------------+-------------------+------------+------+--------------+---------------------+--------------+
; Compilation Hierarchy Node ; LC Combinationals ; LC Registers ; Block Memory Bits ; DSP Blocks ; Pins ; Virtual Pins ; Full Hierarchy Name ; Library Name ;
+----------------------------+-------------------+--------------+-------------------+------------+------+--------------+---------------------+--------------+
; |root_2_leaf               ; 0 (0)             ; 0 (0)        ; 0                 ; 0          ; 2    ; 0            ; |root_2_leaf        ; work         ;
+----------------------------+-------------------+--------------+-------------------+------------+------+--------------+---------------------+--------------+
Note: For table entries with two numbers listed, the numbers in parentheses indicate the number of resources of the given type used by the specific entity alone. The numbers listed outside of parentheses indicate the total resources of the given type used by the specific entity and all of its sub-entities in the hierarchy.


Encoding Type:  One-Hot
+-----------------------------------------------------------------------------------------------+
; State Machine - |root_2_leaf|network_adapter:\leafs:3:leaf_node|state                         ;
+------------------+------------+-----------------+------------------+-------------+------------+
; Name             ; state.read ; state.read_wait ; state.write_wait ; state.write ; state.idle ;
+------------------+------------+-----------------+------------------+-------------+------------+
; state.idle       ; 0          ; 0               ; 0                ; 0           ; 0          ;
; state.write      ; 0          ; 0               ; 0                ; 1           ; 1          ;
; state.write_wait ; 0          ; 0               ; 1                ; 0           ; 1          ;
; state.read_wait  ; 0          ; 1               ; 0                ; 0           ; 1          ;
; state.read       ; 1          ; 0               ; 0                ; 0           ; 1          ;
+------------------+------------+-----------------+------------------+-------------+------------+


Encoding Type:  One-Hot
+-----------------------------------------------------------------------------------------------+
; State Machine - |root_2_leaf|network_adapter:\leafs:2:leaf_node|state                         ;
+------------------+------------+-----------------+------------------+-------------+------------+
; Name             ; state.read ; state.read_wait ; state.write_wait ; state.write ; state.idle ;
+------------------+------------+-----------------+------------------+-------------+------------+
; state.idle       ; 0          ; 0               ; 0                ; 0           ; 0          ;
; state.write      ; 0          ; 0               ; 0                ; 1           ; 1          ;
; state.write_wait ; 0          ; 0               ; 1                ; 0           ; 1          ;
; state.read_wait  ; 0          ; 1               ; 0                ; 0           ; 1          ;
; state.read       ; 1          ; 0               ; 0                ; 0           ; 1          ;
+------------------+------------+-----------------+------------------+-------------+------------+


Encoding Type:  One-Hot
+-----------------------------------------------------------------------------------------------+
; State Machine - |root_2_leaf|network_adapter:\leafs:1:leaf_node|state                         ;
+------------------+------------+-----------------+------------------+-------------+------------+
; Name             ; state.read ; state.read_wait ; state.write_wait ; state.write ; state.idle ;
+------------------+------------+-----------------+------------------+-------------+------------+
; state.idle       ; 0          ; 0               ; 0                ; 0           ; 0          ;
; state.write      ; 0          ; 0               ; 0                ; 1           ; 1          ;
; state.write_wait ; 0          ; 0               ; 1                ; 0           ; 1          ;
; state.read_wait  ; 0          ; 1               ; 0                ; 0           ; 1          ;
; state.read       ; 1          ; 0               ; 0                ; 0           ; 1          ;
+------------------+------------+-----------------+------------------+-------------+------------+


Encoding Type:  One-Hot
+-----------------------------------------------------------------------------------------------+
; State Machine - |root_2_leaf|network_adapter:\leafs:0:leaf_node|state                         ;
+------------------+------------+-----------------+------------------+-------------+------------+
; Name             ; state.read ; state.read_wait ; state.write_wait ; state.write ; state.idle ;
+------------------+------------+-----------------+------------------+-------------+------------+
; state.idle       ; 0          ; 0               ; 0                ; 0           ; 0          ;
; state.write      ; 0          ; 0               ; 0                ; 1           ; 1          ;
; state.write_wait ; 0          ; 0               ; 1                ; 0           ; 1          ;
; state.read_wait  ; 0          ; 1               ; 0                ; 0           ; 1          ;
; state.read       ; 1          ; 0               ; 0                ; 0           ; 1          ;
+------------------+------------+-----------------+------------------+-------------+------------+


Encoding Type:  One-Hot
+-----------------------------------------------------------------------------+
; State Machine - |root_2_leaf|root:root_module|refresh_timer:ref_timer|state ;
+----------------+------------+------------+----------------+-----------------+
; Name           ; state.halt ; state.idle ; state.refresh2 ; state.refresh1  ;
+----------------+------------+------------+----------------+-----------------+
; state.refresh1 ; 0          ; 0          ; 0              ; 0               ;
; state.refresh2 ; 0          ; 0          ; 1              ; 1               ;
; state.idle     ; 0          ; 1          ; 0              ; 1               ;
; state.halt     ; 1          ; 0          ; 0              ; 1               ;
+----------------+------------+------------+----------------+-----------------+


+-------------------------------------------------------------------------------------------------------------------------------------------+
; Registers Removed During Synthesis                                                                                                        ;
+--------------------------------------------------------------------------------------------------+----------------------------------------+
; Register name                                                                                    ; Reason for Removal                     ;
+--------------------------------------------------------------------------------------------------+----------------------------------------+
; r2l_noc:noc|router:\routers:0:levels:0:router_inst|routerport:\ports:1:outport|data.tag[0]       ; Stuck at GND due to stuck port data_in ;
; r2l_noc:noc|router:\routers:0:levels:0:router_inst|routerport:\ports:0:outport|data.tag[0]       ; Stuck at GND due to stuck port data_in ;
; r2l_noc:noc|router:\routers:1:levels:1:router_inst|routerport:\ports:1:outport|data.tag[0]       ; Stuck at GND due to stuck port data_in ;
; r2l_noc:noc|router:\routers:1:levels:1:router_inst|routerport:\ports:0:outport|data.tag[0]       ; Stuck at GND due to stuck port data_in ;
; r2l_noc:noc|router:\routers:1:levels:0:router_inst|routerport:\ports:1:outport|data.tag[0]       ; Stuck at GND due to stuck port data_in ;
; r2l_noc:noc|router:\routers:1:levels:0:router_inst|routerport:\ports:0:outport|data.tag[0]       ; Stuck at GND due to stuck port data_in ;
; r2l_noc:noc|router:\routers:1:levels:1:router_inst|routerport:\ports:1:outport|data.tag[1]       ; Stuck at VCC due to stuck port data_in ;
; r2l_noc:noc|router:\routers:1:levels:1:router_inst|routerport:\ports:0:outport|data.tag[1]       ; Stuck at VCC due to stuck port data_in ;
; r2l_noc:noc|router:\routers:1:levels:0:router_inst|routerport:\ports:1:outport|data.tag[1]       ; Stuck at VCC due to stuck port data_in ;
; r2l_noc:noc|router:\routers:1:levels:0:router_inst|routerport:\ports:0:outport|data.tag[1]       ; Stuck at VCC due to stuck port data_in ;
; r2l_noc:noc|router:\routers:1:levels:1:router_inst|routerport:\ports:1:outport|state             ; Lost fanout                            ;
; r2l_noc:noc|router:\routers:1:levels:1:router_inst|routerport:\ports:0:outport|state             ; Lost fanout                            ;
; r2l_noc:noc|router:\routers:1:levels:0:router_inst|routerport:\ports:1:outport|state             ; Lost fanout                            ;
; r2l_noc:noc|router:\routers:1:levels:0:router_inst|routerport:\ports:0:outport|state             ; Lost fanout                            ;
; r2l_noc:noc|router:\routers:0:levels:0:router_inst|routerport:\ports:1:outport|data.tag[1]       ; Lost fanout                            ;
; r2l_noc:noc|router:\routers:0:levels:0:router_inst|routerport:\ports:1:outport|state             ; Lost fanout                            ;
; r2l_noc:noc|router:\routers:0:levels:0:router_inst|routerport:\ports:1:outport|data.payload[2,3] ; Lost fanout                            ;
; r2l_noc:noc|router:\routers:0:levels:0:router_inst|routerport:\ports:0:outport|data.tag[1]       ; Lost fanout                            ;
; r2l_noc:noc|router:\routers:0:levels:0:router_inst|routerport:\ports:0:outport|state             ; Lost fanout                            ;
; r2l_noc:noc|router:\routers:0:levels:0:router_inst|routerport:\ports:0:outport|data.payload[2,3] ; Lost fanout                            ;
; root:root_module|counter[0..31]                                                                  ; Lost fanout                            ;
; root:root_module|state                                                                           ; Lost fanout                            ;
; root:root_module|idx[0,1]                                                                        ; Lost fanout                            ;
; network_adapter:\leafs:3:leaf_node|state.idle                                                    ; Lost fanout                            ;
; network_adapter:\leafs:3:leaf_node|state.write                                                   ; Lost fanout                            ;
; network_adapter:\leafs:3:leaf_node|state.write_wait                                              ; Lost fanout                            ;
; network_adapter:\leafs:3:leaf_node|state.read_wait                                               ; Lost fanout                            ;
; network_adapter:\leafs:3:leaf_node|state.read                                                    ; Lost fanout                            ;
; network_adapter:\leafs:2:leaf_node|state.idle                                                    ; Lost fanout                            ;
; network_adapter:\leafs:2:leaf_node|state.write                                                   ; Lost fanout                            ;
; network_adapter:\leafs:2:leaf_node|state.write_wait                                              ; Lost fanout                            ;
; network_adapter:\leafs:2:leaf_node|state.read_wait                                               ; Lost fanout                            ;
; network_adapter:\leafs:2:leaf_node|state.read                                                    ; Lost fanout                            ;
; network_adapter:\leafs:1:leaf_node|state.idle                                                    ; Lost fanout                            ;
; network_adapter:\leafs:1:leaf_node|state.write                                                   ; Lost fanout                            ;
; network_adapter:\leafs:1:leaf_node|state.write_wait                                              ; Lost fanout                            ;
; network_adapter:\leafs:1:leaf_node|state.read_wait                                               ; Lost fanout                            ;
; network_adapter:\leafs:1:leaf_node|state.read                                                    ; Lost fanout                            ;
; network_adapter:\leafs:0:leaf_node|state.idle                                                    ; Lost fanout                            ;
; network_adapter:\leafs:0:leaf_node|state.write                                                   ; Lost fanout                            ;
; network_adapter:\leafs:0:leaf_node|state.write_wait                                              ; Lost fanout                            ;
; network_adapter:\leafs:0:leaf_node|state.read_wait                                               ; Lost fanout                            ;
; network_adapter:\leafs:0:leaf_node|state.read                                                    ; Lost fanout                            ;
; root:root_module|refresh_timer:ref_timer|counter[0..31]                                          ; Lost fanout                            ;
; root:root_module|refresh_timer:ref_timer|state.refresh1                                          ; Lost fanout                            ;
; root:root_module|refresh_timer:ref_timer|state.refresh2                                          ; Lost fanout                            ;
; root:root_module|refresh_timer:ref_timer|state.idle                                              ; Lost fanout                            ;
; root:root_module|refresh_timer:ref_timer|state.halt                                              ; Lost fanout                            ;
; Total Number of Removed Registers = 113                                                          ;                                        ;
+--------------------------------------------------------------------------------------------------+----------------------------------------+


+--------------------------------------------------------------------------------------------------------------------------------------------------------------------------------------------------------------------------+
; Removed Registers Triggering Further Register Optimizations                                                                                                                                                              ;
+--------------------------------------------------------------------------------------------+---------------------------+-------------------------------------------------------------------------------------------------+
; Register name                                                                              ; Reason for Removal        ; Registers Removed due to This Register                                                          ;
+--------------------------------------------------------------------------------------------+---------------------------+-------------------------------------------------------------------------------------------------+
; r2l_noc:noc|router:\routers:0:levels:0:router_inst|routerport:\ports:1:outport|data.tag[0] ; Stuck at GND              ; r2l_noc:noc|router:\routers:1:levels:1:router_inst|routerport:\ports:1:outport|data.tag[0],     ;
;                                                                                            ; due to stuck port data_in ; r2l_noc:noc|router:\routers:1:levels:1:router_inst|routerport:\ports:0:outport|data.tag[0],     ;
;                                                                                            ;                           ; r2l_noc:noc|router:\routers:1:levels:1:router_inst|routerport:\ports:1:outport|data.tag[1],     ;
;                                                                                            ;                           ; r2l_noc:noc|router:\routers:1:levels:1:router_inst|routerport:\ports:0:outport|data.tag[1],     ;
;                                                                                            ;                           ; r2l_noc:noc|router:\routers:1:levels:1:router_inst|routerport:\ports:1:outport|state,           ;
;                                                                                            ;                           ; r2l_noc:noc|router:\routers:1:levels:1:router_inst|routerport:\ports:0:outport|state,           ;
;                                                                                            ;                           ; r2l_noc:noc|router:\routers:0:levels:0:router_inst|routerport:\ports:1:outport|data.tag[1],     ;
;                                                                                            ;                           ; r2l_noc:noc|router:\routers:0:levels:0:router_inst|routerport:\ports:1:outport|state,           ;
;                                                                                            ;                           ; r2l_noc:noc|router:\routers:0:levels:0:router_inst|routerport:\ports:1:outport|data.payload[3], ;
;                                                                                            ;                           ; r2l_noc:noc|router:\routers:0:levels:0:router_inst|routerport:\ports:1:outport|data.payload[2], ;
;                                                                                            ;                           ; root:root_module|counter[0], root:root_module|counter[4],                                       ;
;                                                                                            ;                           ; root:root_module|counter[3], root:root_module|counter[1],                                       ;
;                                                                                            ;                           ; root:root_module|counter[2], root:root_module|counter[6],                                       ;
;                                                                                            ;                           ; root:root_module|counter[31], root:root_module|counter[30],                                     ;
;                                                                                            ;                           ; root:root_module|counter[29], root:root_module|counter[28],                                     ;
;                                                                                            ;                           ; root:root_module|counter[27], root:root_module|counter[26],                                     ;
;                                                                                            ;                           ; root:root_module|counter[25], root:root_module|counter[24],                                     ;
;                                                                                            ;                           ; root:root_module|counter[23], root:root_module|counter[22],                                     ;
;                                                                                            ;                           ; root:root_module|counter[21], root:root_module|counter[20],                                     ;
;                                                                                            ;                           ; root:root_module|counter[19], root:root_module|counter[18],                                     ;
;                                                                                            ;                           ; root:root_module|counter[17], root:root_module|counter[16],                                     ;
;                                                                                            ;                           ; root:root_module|counter[15], root:root_module|counter[14],                                     ;
;                                                                                            ;                           ; root:root_module|counter[13], root:root_module|counter[12],                                     ;
;                                                                                            ;                           ; root:root_module|counter[11], root:root_module|counter[10],                                     ;
;                                                                                            ;                           ; root:root_module|counter[9], root:root_module|counter[8],                                       ;
;                                                                                            ;                           ; root:root_module|counter[7], root:root_module|counter[5], root:root_module|state,               ;
;                                                                                            ;                           ; root:root_module|idx[0], root:root_module|idx[1]                                                ;
; root:root_module|refresh_timer:ref_timer|counter[30]                                       ; Lost Fanouts              ; root:root_module|refresh_timer:ref_timer|counter[12],                                           ;
;                                                                                            ;                           ; root:root_module|refresh_timer:ref_timer|counter[14],                                           ;
;                                                                                            ;                           ; root:root_module|refresh_timer:ref_timer|counter[15],                                           ;
;                                                                                            ;                           ; root:root_module|refresh_timer:ref_timer|counter[16],                                           ;
;                                                                                            ;                           ; root:root_module|refresh_timer:ref_timer|counter[17],                                           ;
;                                                                                            ;                           ; root:root_module|refresh_timer:ref_timer|counter[18],                                           ;
;                                                                                            ;                           ; root:root_module|refresh_timer:ref_timer|counter[19],                                           ;
;                                                                                            ;                           ; root:root_module|refresh_timer:ref_timer|counter[20],                                           ;
;                                                                                            ;                           ; root:root_module|refresh_timer:ref_timer|counter[21],                                           ;
;                                                                                            ;                           ; root:root_module|refresh_timer:ref_timer|counter[31],                                           ;
;                                                                                            ;                           ; root:root_module|refresh_timer:ref_timer|counter[13],                                           ;
;                                                                                            ;                           ; root:root_module|refresh_timer:ref_timer|counter[29],                                           ;
;                                                                                            ;                           ; root:root_module|refresh_timer:ref_timer|counter[28],                                           ;
;                                                                                            ;                           ; root:root_module|refresh_timer:ref_timer|counter[27],                                           ;
;                                                                                            ;                           ; root:root_module|refresh_timer:ref_timer|counter[26],                                           ;
;                                                                                            ;                           ; root:root_module|refresh_timer:ref_timer|counter[25],                                           ;
;                                                                                            ;                           ; root:root_module|refresh_timer:ref_timer|counter[24],                                           ;
;                                                                                            ;                           ; root:root_module|refresh_timer:ref_timer|counter[23],                                           ;
;                                                                                            ;                           ; root:root_module|refresh_timer:ref_timer|counter[22],                                           ;
;                                                                                            ;                           ; root:root_module|refresh_timer:ref_timer|counter[10],                                           ;
;                                                                                            ;                           ; root:root_module|refresh_timer:ref_timer|counter[0],                                            ;
;                                                                                            ;                           ; root:root_module|refresh_timer:ref_timer|counter[1],                                            ;
;                                                                                            ;                           ; root:root_module|refresh_timer:ref_timer|counter[2],                                            ;
;                                                                                            ;                           ; root:root_module|refresh_timer:ref_timer|counter[3],                                            ;
;                                                                                            ;                           ; root:root_module|refresh_timer:ref_timer|counter[4],                                            ;
;                                                                                            ;                           ; root:root_module|refresh_timer:ref_timer|counter[5],                                            ;
;                                                                                            ;                           ; root:root_module|refresh_timer:ref_timer|counter[6],                                            ;
;                                                                                            ;                           ; root:root_module|refresh_timer:ref_timer|counter[7],                                            ;
;                                                                                            ;                           ; root:root_module|refresh_timer:ref_timer|counter[11],                                           ;
;                                                                                            ;                           ; root:root_module|refresh_timer:ref_timer|counter[8],                                            ;
;                                                                                            ;                           ; root:root_module|refresh_timer:ref_timer|counter[9],                                            ;
;                                                                                            ;                           ; root:root_module|refresh_timer:ref_timer|state.halt                                             ;
; r2l_noc:noc|router:\routers:0:levels:0:router_inst|routerport:\ports:0:outport|data.tag[0] ; Stuck at GND              ; r2l_noc:noc|router:\routers:1:levels:0:router_inst|routerport:\ports:1:outport|data.tag[0],     ;
;                                                                                            ; due to stuck port data_in ; r2l_noc:noc|router:\routers:1:levels:0:router_inst|routerport:\ports:0:outport|data.tag[0],     ;
;                                                                                            ;                           ; r2l_noc:noc|router:\routers:1:levels:0:router_inst|routerport:\ports:1:outport|data.tag[1],     ;
;                                                                                            ;                           ; r2l_noc:noc|router:\routers:1:levels:0:router_inst|routerport:\ports:0:outport|data.tag[1],     ;
;                                                                                            ;                           ; r2l_noc:noc|router:\routers:1:levels:0:router_inst|routerport:\ports:1:outport|state,           ;
;                                                                                            ;                           ; r2l_noc:noc|router:\routers:1:levels:0:router_inst|routerport:\ports:0:outport|state,           ;
;                                                                                            ;                           ; r2l_noc:noc|router:\routers:0:levels:0:router_inst|routerport:\ports:0:outport|data.tag[1],     ;
;                                                                                            ;                           ; r2l_noc:noc|router:\routers:0:levels:0:router_inst|routerport:\ports:0:outport|state,           ;
;                                                                                            ;                           ; r2l_noc:noc|router:\routers:0:levels:0:router_inst|routerport:\ports:0:outport|data.payload[3], ;
;                                                                                            ;                           ; r2l_noc:noc|router:\routers:0:levels:0:router_inst|routerport:\ports:0:outport|data.payload[2]  ;
+--------------------------------------------------------------------------------------------+---------------------------+-------------------------------------------------------------------------------------------------+


+------------------------------------------------------+
; General Register Statistics                          ;
+----------------------------------------------+-------+
; Statistic                                    ; Value ;
+----------------------------------------------+-------+
; Total registers                              ; 0     ;
; Number of registers using Synchronous Clear  ; 0     ;
; Number of registers using Synchronous Load   ; 0     ;
; Number of registers using Asynchronous Clear ; 0     ;
; Number of registers using Asynchronous Load  ; 0     ;
; Number of registers using Clock Enable       ; 0     ;
; Number of registers using Preset             ; 0     ;
+----------------------------------------------+-------+


+---------------------------------------------------------------------------------------------------------------------------------------------------------------------------------+
; Multiplexer Restructuring Statistics (Restructuring Performed)                                                                                                                  ;
+--------------------+-----------+---------------+----------------------+------------------------+------------+-------------------------------------------------------------------+
; Multiplexer Inputs ; Bus Width ; Baseline Area ; Area if Restructured ; Saving if Restructured ; Registered ; Example Multiplexer Output                                        ;
+--------------------+-----------+---------------+----------------------+------------------------+------------+-------------------------------------------------------------------+
; 4:1                ; 32 bits   ; 64 LEs        ; 0 LEs                ; 64 LEs                 ; Yes        ; |root_2_leaf|root:root_module|refresh_timer:ref_timer|counter[30] ;
; 5:1                ; 2 bits    ; 6 LEs         ; 2 LEs                ; 4 LEs                  ; Yes        ; |root_2_leaf|root:root_module|idx[0]                              ;
; 5:1                ; 32 bits   ; 96 LEs        ; 0 LEs                ; 96 LEs                 ; Yes        ; |root_2_leaf|root:root_module|counter[0]                          ;
; 6:1                ; 5 bits    ; 20 LEs        ; 15 LEs               ; 5 LEs                  ; No         ; |root_2_leaf|network_adapter:\leafs:3:leaf_node|state             ;
; 6:1                ; 5 bits    ; 20 LEs        ; 15 LEs               ; 5 LEs                  ; No         ; |root_2_leaf|network_adapter:\leafs:2:leaf_node|state             ;
; 6:1                ; 5 bits    ; 20 LEs        ; 15 LEs               ; 5 LEs                  ; No         ; |root_2_leaf|network_adapter:\leafs:1:leaf_node|state             ;
; 6:1                ; 5 bits    ; 20 LEs        ; 15 LEs               ; 5 LEs                  ; No         ; |root_2_leaf|network_adapter:\leafs:0:leaf_node|state             ;
; 8:1                ; 4 bits    ; 20 LEs        ; 16 LEs               ; 4 LEs                  ; No         ; |root_2_leaf|root:root_module|refresh_timer:ref_timer|state       ;
+--------------------+-----------+---------------+----------------------+------------------------+------------+-------------------------------------------------------------------+


+-------------------------------------------------------------------------------------------------+
; Parameter Settings for User Entity Instance: r2l_noc:noc|router:\routers:0:levels:0:router_inst ;
+----------------+-------+------------------------------------------------------------------------+
; Parameter Name ; Value ; Type                                                                   ;
+----------------+-------+------------------------------------------------------------------------+
; routing_level  ; 0     ; Signed Integer                                                         ;
+----------------+-------+------------------------------------------------------------------------+
Note: In order to hide this table in the UI and the text report file, please set the "Show Parameter Settings in Synthesis Report" option in "Analysis and Synthesis Settings -> More Settings" to "Off".


+-----------------------------------------------------------------------------------------------------------------------------+
; Parameter Settings for User Entity Instance: r2l_noc:noc|router:\routers:0:levels:0:router_inst|routerport:\ports:0:outport ;
+----------------+-------+----------------------------------------------------------------------------------------------------+
; Parameter Name ; Value ; Type                                                                                               ;
+----------------+-------+----------------------------------------------------------------------------------------------------+
; routing_index  ; 0     ; Signed Integer                                                                                     ;
+----------------+-------+----------------------------------------------------------------------------------------------------+
Note: In order to hide this table in the UI and the text report file, please set the "Show Parameter Settings in Synthesis Report" option in "Analysis and Synthesis Settings -> More Settings" to "Off".


+-----------------------------------------------------------------------------------------------------------------------------+
; Parameter Settings for User Entity Instance: r2l_noc:noc|router:\routers:0:levels:0:router_inst|routerport:\ports:1:outport ;
+----------------+-------+----------------------------------------------------------------------------------------------------+
; Parameter Name ; Value ; Type                                                                                               ;
+----------------+-------+----------------------------------------------------------------------------------------------------+
; routing_index  ; 1     ; Signed Integer                                                                                     ;
+----------------+-------+----------------------------------------------------------------------------------------------------+
Note: In order to hide this table in the UI and the text report file, please set the "Show Parameter Settings in Synthesis Report" option in "Analysis and Synthesis Settings -> More Settings" to "Off".


+-------------------------------------------------------------------------------------------------+
; Parameter Settings for User Entity Instance: r2l_noc:noc|router:\routers:1:levels:0:router_inst ;
+----------------+-------+------------------------------------------------------------------------+
; Parameter Name ; Value ; Type                                                                   ;
+----------------+-------+------------------------------------------------------------------------+
; routing_level  ; 1     ; Signed Integer                                                         ;
+----------------+-------+------------------------------------------------------------------------+
Note: In order to hide this table in the UI and the text report file, please set the "Show Parameter Settings in Synthesis Report" option in "Analysis and Synthesis Settings -> More Settings" to "Off".


+-----------------------------------------------------------------------------------------------------------------------------+
; Parameter Settings for User Entity Instance: r2l_noc:noc|router:\routers:1:levels:0:router_inst|routerport:\ports:0:outport ;
+----------------+-------+----------------------------------------------------------------------------------------------------+
; Parameter Name ; Value ; Type                                                                                               ;
+----------------+-------+----------------------------------------------------------------------------------------------------+
; routing_index  ; 2     ; Signed Integer                                                                                     ;
+----------------+-------+----------------------------------------------------------------------------------------------------+
Note: In order to hide this table in the UI and the text report file, please set the "Show Parameter Settings in Synthesis Report" option in "Analysis and Synthesis Settings -> More Settings" to "Off".


+-----------------------------------------------------------------------------------------------------------------------------+
; Parameter Settings for User Entity Instance: r2l_noc:noc|router:\routers:1:levels:0:router_inst|routerport:\ports:1:outport ;
+----------------+-------+----------------------------------------------------------------------------------------------------+
; Parameter Name ; Value ; Type                                                                                               ;
+----------------+-------+----------------------------------------------------------------------------------------------------+
; routing_index  ; 3     ; Signed Integer                                                                                     ;
+----------------+-------+----------------------------------------------------------------------------------------------------+
Note: In order to hide this table in the UI and the text report file, please set the "Show Parameter Settings in Synthesis Report" option in "Analysis and Synthesis Settings -> More Settings" to "Off".


+-------------------------------------------------------------------------------------------------+
; Parameter Settings for User Entity Instance: r2l_noc:noc|router:\routers:1:levels:1:router_inst ;
+----------------+-------+------------------------------------------------------------------------+
; Parameter Name ; Value ; Type                                                                   ;
+----------------+-------+------------------------------------------------------------------------+
; routing_level  ; 1     ; Signed Integer                                                         ;
+----------------+-------+------------------------------------------------------------------------+
Note: In order to hide this table in the UI and the text report file, please set the "Show Parameter Settings in Synthesis Report" option in "Analysis and Synthesis Settings -> More Settings" to "Off".


+-----------------------------------------------------------------------------------------------------------------------------+
; Parameter Settings for User Entity Instance: r2l_noc:noc|router:\routers:1:levels:1:router_inst|routerport:\ports:0:outport ;
+----------------+-------+----------------------------------------------------------------------------------------------------+
; Parameter Name ; Value ; Type                                                                                               ;
+----------------+-------+----------------------------------------------------------------------------------------------------+
; routing_index  ; 2     ; Signed Integer                                                                                     ;
+----------------+-------+----------------------------------------------------------------------------------------------------+
Note: In order to hide this table in the UI and the text report file, please set the "Show Parameter Settings in Synthesis Report" option in "Analysis and Synthesis Settings -> More Settings" to "Off".


+-----------------------------------------------------------------------------------------------------------------------------+
; Parameter Settings for User Entity Instance: r2l_noc:noc|router:\routers:1:levels:1:router_inst|routerport:\ports:1:outport ;
+----------------+-------+----------------------------------------------------------------------------------------------------+
; Parameter Name ; Value ; Type                                                                                               ;
+----------------+-------+----------------------------------------------------------------------------------------------------+
; routing_index  ; 3     ; Signed Integer                                                                                     ;
+----------------+-------+----------------------------------------------------------------------------------------------------+
Note: In order to hide this table in the UI and the text report file, please set the "Show Parameter Settings in Synthesis Report" option in "Analysis and Synthesis Settings -> More Settings" to "Off".


+-----------------------------------------------------------------------------------------------------------------+
; Port Connectivity Checks: "network_adapter:\leafs:3:leaf_node"                                                  ;
+-------+--------+----------+-------------------------------------------------------------------------------------+
; Port  ; Type   ; Severity ; Details                                                                             ;
+-------+--------+----------+-------------------------------------------------------------------------------------+
; ocp_s ; Output ; Info     ; Connected to dangling logic. Logic that only feeds a dangling port will be removed. ;
+-------+--------+----------+-------------------------------------------------------------------------------------+


+-----------------------------------------------------------------------------------------------------------------+
; Port Connectivity Checks: "network_adapter:\leafs:2:leaf_node"                                                  ;
+-------+--------+----------+-------------------------------------------------------------------------------------+
; Port  ; Type   ; Severity ; Details                                                                             ;
+-------+--------+----------+-------------------------------------------------------------------------------------+
; ocp_s ; Output ; Info     ; Connected to dangling logic. Logic that only feeds a dangling port will be removed. ;
+-------+--------+----------+-------------------------------------------------------------------------------------+


+-----------------------------------------------------------------------------------------------------------------+
; Port Connectivity Checks: "network_adapter:\leafs:1:leaf_node"                                                  ;
+-------+--------+----------+-------------------------------------------------------------------------------------+
; Port  ; Type   ; Severity ; Details                                                                             ;
+-------+--------+----------+-------------------------------------------------------------------------------------+
; ocp_s ; Output ; Info     ; Connected to dangling logic. Logic that only feeds a dangling port will be removed. ;
+-------+--------+----------+-------------------------------------------------------------------------------------+


+-----------------------------------------------------------------------------------------------------------------+
; Port Connectivity Checks: "network_adapter:\leafs:0:leaf_node"                                                  ;
+-------+--------+----------+-------------------------------------------------------------------------------------+
; Port  ; Type   ; Severity ; Details                                                                             ;
+-------+--------+----------+-------------------------------------------------------------------------------------+
; ocp_s ; Output ; Info     ; Connected to dangling logic. Logic that only feeds a dangling port will be removed. ;
+-------+--------+----------+-------------------------------------------------------------------------------------+


+----------------------------------------------------------------------------------------------------------------+
; Port Connectivity Checks: "root:root_module|refresh_timer:ref_timer"                                           ;
+------+--------+----------+-------------------------------------------------------------------------------------+
; Port ; Type   ; Severity ; Details                                                                             ;
+------+--------+----------+-------------------------------------------------------------------------------------+
; ref  ; Output ; Info     ; Connected to dangling logic. Logic that only feeds a dangling port will be removed. ;
+------+--------+----------+-------------------------------------------------------------------------------------+


+-----------------------------------------------------+
; Post-Synthesis Netlist Statistics for Top Partition ;
+-------------------+---------------------------------+
; Type              ; Count                           ;
+-------------------+---------------------------------+
; boundary_port     ; 2                               ;
;                   ;                                 ;
; Max LUT depth     ; 0.00                            ;
; Average LUT depth ; 0.00                            ;
+-------------------+---------------------------------+


+-------------------------------+
; Elapsed Time Per Partition    ;
+----------------+--------------+
; Partition Name ; Elapsed Time ;
+----------------+--------------+
; Top            ; 00:00:00     ;
+----------------+--------------+


+-------------------------------+
; Analysis & Synthesis Messages ;
+-------------------------------+
Info: *******************************************************************
Info: Running Quartus II 64-Bit Analysis & Synthesis
    Info: Version 15.0.0 Build 145 04/22/2015 SJ Web Edition
    Info: Processing started: Tue May  3 15:54:41 2016
Info: Command: quartus_map --read_settings_files=on --write_settings_files=off root_2_leaf -c root_2_leaf
Warning (20028): Parallel compilation is not licensed and has been disabled
Info (12021): Found 2 design units, including 1 entities, in source file top.vhd
    Info (12022): Found design unit 1: root_2_leaf-testbench
    Info (12023): Found entity 1: root_2_leaf
Info (12021): Found 2 design units, including 1 entities, in source file /home/mathias/t-crest/MemoryTree/src/root2leaf_noc/router/routerpart.vhd
    Info (12022): Found design unit 1: routerport-rtl
    Info (12023): Found entity 1: routerport
Info (12021): Found 2 design units, including 1 entities, in source file /home/mathias/t-crest/MemoryTree/src/root2leaf_noc/router/router.vhd
    Info (12022): Found design unit 1: router-structural
    Info (12023): Found entity 1: router
Info (12021): Found 2 design units, including 1 entities, in source file /home/mathias/t-crest/MemoryTree/src/root2leaf_noc/noc.vhd
    Info (12022): Found design unit 1: r2l_noc-structural
    Info (12023): Found entity 1: r2l_noc
Info (12021): Found 2 design units, including 1 entities, in source file /home/mathias/t-crest/MemoryTree/src/root/schedule_table.vhd
    Info (12022): Found design unit 1: schedule_table-list
    Info (12023): Found entity 1: schedule_table
Info (12021): Found 2 design units, including 1 entities, in source file /home/mathias/t-crest/MemoryTree/src/root/routing_table.vhd
    Info (12022): Found design unit 1: routing_table-list
    Info (12023): Found entity 1: routing_table
Info (12021): Found 1 design units, including 0 entities, in source file /home/mathias/t-crest/MemoryTree/src/root/root_package.vhd
    Info (12022): Found design unit 1: root_package
Info (12021): Found 2 design units, including 1 entities, in source file /home/mathias/t-crest/MemoryTree/src/root/root.vhd
    Info (12022): Found design unit 1: root-rtl
    Info (12023): Found entity 1: root
Info (12021): Found 2 design units, including 1 entities, in source file /home/mathias/t-crest/MemoryTree/src/root/refresh_timer.vhd
    Info (12022): Found design unit 1: refresh_timer-rtl
    Info (12023): Found entity 1: refresh_timer
Info (12021): Found 1 design units, including 0 entities, in source file /home/mathias/t-crest/MemoryTree/src/ocp/ocp_config.vhd
    Info (12022): Found design unit 1: ocp_config
Info (12021): Found 1 design units, including 0 entities, in source file /home/mathias/t-crest/MemoryTree/src/ocp/ocp.vhd
    Info (12022): Found design unit 1: ocp
Info (12021): Found 2 design units, including 1 entities, in source file /home/mathias/t-crest/MemoryTree/src/network_adapter/na.vhd
    Info (12022): Found design unit 1: network_adapter-rtl
    Info (12023): Found entity 1: network_adapter
Info (12021): Found 1 design units, including 0 entities, in source file /home/mathias/t-crest/MemoryTree/src/common/memorytree_package.vhd
    Info (12022): Found design unit 1: MemoryTreePackage
Info (12127): Elaborating entity "root_2_leaf" for the top level hierarchy
Warning (10541): VHDL Signal Declaration warning at top.vhd(45): used implicit default value for signal "ocp_m" because signal was never assigned a value or an explicit default value. Use of implicit default value may introduce unintended design optimizations.
Info (12128): Elaborating entity "r2l_noc" for hierarchy "r2l_noc:noc"
Info (12128): Elaborating entity "router" for hierarchy "r2l_noc:noc|router:\routers:0:levels:0:router_inst"
Info (12128): Elaborating entity "routerport" for hierarchy "r2l_noc:noc|router:\routers:0:levels:0:router_inst|routerport:\ports:0:outport"
Warning (10492): VHDL Process Statement warning at routerpart.vhd(64): signal "data" is read inside the Process Statement but isn't in the Process Statement's sensitivity list
Info (12128): Elaborating entity "routerport" for hierarchy "r2l_noc:noc|router:\routers:0:levels:0:router_inst|routerport:\ports:1:outport"
Warning (10492): VHDL Process Statement warning at routerpart.vhd(64): signal "data" is read inside the Process Statement but isn't in the Process Statement's sensitivity list
Info (12128): Elaborating entity "router" for hierarchy "r2l_noc:noc|router:\routers:1:levels:0:router_inst"
Info (12128): Elaborating entity "routerport" for hierarchy "r2l_noc:noc|router:\routers:1:levels:0:router_inst|routerport:\ports:0:outport"
Warning (10492): VHDL Process Statement warning at routerpart.vhd(64): signal "data" is read inside the Process Statement but isn't in the Process Statement's sensitivity list
Info (12128): Elaborating entity "routerport" for hierarchy "r2l_noc:noc|router:\routers:1:levels:0:router_inst|routerport:\ports:1:outport"
Warning (10492): VHDL Process Statement warning at routerpart.vhd(64): signal "data" is read inside the Process Statement but isn't in the Process Statement's sensitivity list
Info (12128): Elaborating entity "root" for hierarchy "root:root_module"
Warning (10036): Verilog HDL or VHDL warning at root.vhd(48): object "ref" assigned a value but never read
Warning (10036): Verilog HDL or VHDL warning at root.vhd(50): object "send" assigned a value but never read
Warning (10492): VHDL Process Statement warning at root.vhd(80): signal "route" is read inside the Process Statement but isn't in the Process Statement's sensitivity list
Warning (10631): VHDL Process Statement warning at root.vhd(67): inferring latch(es) for signal or variable "r2l", which holds its previous value in one or more paths through the process
Warning (10873): Using initial value X (don't care) for net "r2l.payload[31..4]" at root.vhd(40)
Info (10041): Inferred latch for "r2l.payload[0]" at root.vhd(67)
Info (10041): Inferred latch for "r2l.payload[1]" at root.vhd(67)
Info (10041): Inferred latch for "r2l.payload[2]" at root.vhd(67)
Info (10041): Inferred latch for "r2l.payload[3]" at root.vhd(67)
Info (12128): Elaborating entity "refresh_timer" for hierarchy "root:root_module|refresh_timer:ref_timer"
Info (12128): Elaborating entity "schedule_table" for hierarchy "root:root_module|schedule_table:sched_tab"
Info (12128): Elaborating entity "routing_table" for hierarchy "root:root_module|routing_table:route_tab"
Info (12128): Elaborating entity "network_adapter" for hierarchy "network_adapter:\leafs:0:leaf_node"
Warning (10541): VHDL Signal Declaration warning at na.vhd(40): used implicit default value for signal "ocp_s" because signal was never assigned a value or an explicit default value. Use of implicit default value may introduce unintended design optimizations.
Info (276014): Found 2 instances of uninferred RAM logic
    Info (276004): RAM logic "root:root_module|routing_table:route_tab|routingtable" is uninferred due to inappropriate RAM size
    Info (276004): RAM logic "root:root_module|schedule_table:sched_tab|scheduletable" is uninferred due to inappropriate RAM size
Info (17049): 103 registers lost all their fanouts during netlist optimizations.
Info (16010): Generating hard_block partition "hard_block:auto_generated_inst"
    Info (16011): Adding 0 node(s), including 0 DDIO, 0 PLL, 0 transceiver and 0 LCELL
Warning (21074): Design contains 2 input pin(s) that do not drive logic
    Warning (15610): No output dependent on input pin "clk"
    Warning (15610): No output dependent on input pin "reset"
Info (21057): Implemented 2 device resources after synthesis - the final resource count might be different
    Info (21058): Implemented 2 input pins
    Info (21059): Implemented 0 output pins
Info: Quartus II 64-Bit Analysis & Synthesis was successful. 0 errors, 15 warnings
    Info: Peak virtual memory: 1069 megabytes
    Info: Processing ended: Tue May  3 15:55:09 2016
    Info: Elapsed time: 00:00:28
    Info: Total CPU time (on all processors): 00:00:20


