Assembler report for l2r_noc
Wed May  4 14:22:24 2016
Quartus II 64-Bit Version 15.0.0 Build 145 04/22/2015 SJ Web Edition


---------------------
; Table of Contents ;
---------------------
  1. Legal Notice
  2. Assembler Summary
  3. Assembler Settings
  4. Assembler Generated Files
  5. Assembler Device Options: l2r_noc.sof
  6. Assembler Messages



----------------
; Legal Notice ;
----------------
Copyright (C) 1991-2015 Altera Corporation. All rights reserved.
Your use of Altera Corporation's design tools, logic functions 
and other software and tools, and its AMPP partner logic 
functions, and any output files from any of the foregoing 
(including device programming or simulation files), and any 
associated documentation or information are expressly subject 
to the terms and conditions of the Altera Program License 
Subscription Agreement, the Altera Quartus II License Agreement,
the Altera MegaCore Function License Agreement, or other 
applicable license agreement, including, without limitation, 
that your use is for the sole purpose of programming logic 
devices manufactured by Altera and sold by Altera or its 
authorized distributors.  Please refer to the applicable 
agreement for further details.



+---------------------------------------------------------------+
; Assembler Summary                                             ;
+-----------------------+---------------------------------------+
; Assembler Status      ; Successful - Wed May  4 14:22:24 2016 ;
; Revision Name         ; l2r_noc                               ;
; Top-level Entity Name ; l2r_noc                               ;
; Family                ; Cyclone V                             ;
; Device                ; 5CGXFC7C7F23C8                        ;
+-----------------------+---------------------------------------+


+----------------------------------+
; Assembler Settings               ;
+--------+---------+---------------+
; Option ; Setting ; Default Value ;
+--------+---------+---------------+


+---------------------------+
; Assembler Generated Files ;
+---------------------------+
; File Name                 ;
+---------------------------+
; l2r_noc.sof               ;
+---------------------------+


+---------------------------------------+
; Assembler Device Options: l2r_noc.sof ;
+----------------+----------------------+
; Option         ; Setting              ;
+----------------+----------------------+
; Device         ; 5CGXFC7C7F23C8       ;
; JTAG usercode  ; 0x00EF0436           ;
; Checksum       ; 0x00EF0436           ;
+----------------+----------------------+


+--------------------+
; Assembler Messages ;
+--------------------+
Info: *******************************************************************
Info: Running Quartus II 64-Bit Assembler
    Info: Version 15.0.0 Build 145 04/22/2015 SJ Web Edition
    Info: Processing started: Wed May  4 14:22:01 2016
Info: Command: quartus_asm --read_settings_files=off --write_settings_files=off l2r_noc -c l2r_noc
Info (115030): Assembler is generating device programming files
Info: Quartus II 64-Bit Assembler was successful. 0 errors, 0 warnings
    Info: Peak virtual memory: 975 megabytes
    Info: Processing ended: Wed May  4 14:22:24 2016
    Info: Elapsed time: 00:00:23
    Info: Total CPU time (on all processors): 00:00:15


