Flow report for l2r_noc
Wed May  4 14:22:55 2016
Quartus II 64-Bit Version 15.0.0 Build 145 04/22/2015 SJ Web Edition


---------------------
; Table of Contents ;
---------------------
  1. Legal Notice
  2. Flow Summary
  3. Flow Settings
  4. Flow Non-Default Global Settings
  5. Flow Elapsed Time
  6. Flow OS Summary
  7. Flow Log
  8. Flow Messages
  9. Flow Suppressed Messages



----------------
; Legal Notice ;
----------------
Copyright (C) 1991-2015 Altera Corporation. All rights reserved.
Your use of Altera Corporation's design tools, logic functions 
and other software and tools, and its AMPP partner logic 
functions, and any output files from any of the foregoing 
(including device programming or simulation files), and any 
associated documentation or information are expressly subject 
to the terms and conditions of the Altera Program License 
Subscription Agreement, the Altera Quartus II License Agreement,
the Altera MegaCore Function License Agreement, or other 
applicable license agreement, including, without limitation, 
that your use is for the sole purpose of programming logic 
devices manufactured by Altera and sold by Altera or its 
authorized distributors.  Please refer to the applicable 
agreement for further details.



+------------------------------------------------------------------------------+
; Flow Summary                                                                 ;
+---------------------------------+--------------------------------------------+
; Flow Status                     ; Successful - Wed May  4 14:22:55 2016      ;
; Quartus II 64-Bit Version       ; 15.0.0 Build 145 04/22/2015 SJ Web Edition ;
; Revision Name                   ; l2r_noc                                    ;
; Top-level Entity Name           ; l2r_noc                                    ;
; Family                          ; Cyclone V                                  ;
; Device                          ; 5CGXFC7C7F23C8                             ;
; Timing Models                   ; Final                                      ;
; Logic utilization (in ALMs)     ; 52 / 56,480 ( < 1 % )                      ;
; Total registers                 ; 102                                        ;
; Total pins                      ; 171 / 268 ( 64 % )                         ;
; Total virtual pins              ; 0                                          ;
; Total block memory bits         ; 0 / 7,024,640 ( 0 % )                      ;
; Total DSP Blocks                ; 0 / 156 ( 0 % )                            ;
; Total HSSI RX PCSs              ; 0 / 6 ( 0 % )                              ;
; Total HSSI PMA RX Deserializers ; 0 / 6 ( 0 % )                              ;
; Total HSSI TX PCSs              ; 0 / 6 ( 0 % )                              ;
; Total HSSI PMA TX Serializers   ; 0 / 6 ( 0 % )                              ;
; Total PLLs                      ; 0 / 13 ( 0 % )                             ;
; Total DLLs                      ; 0 / 4 ( 0 % )                              ;
+---------------------------------+--------------------------------------------+


+-----------------------------------------+
; Flow Settings                           ;
+-------------------+---------------------+
; Option            ; Setting             ;
+-------------------+---------------------+
; Start date & time ; 05/04/2016 14:19:00 ;
; Main task         ; Compilation         ;
; Revision Name     ; l2r_noc             ;
+-------------------+---------------------+


+--------------------------------------------------------------------------------------------------------------------+
; Flow Non-Default Global Settings                                                                                   ;
+-------------------------------------+-------------------------------+---------------+-------------+----------------+
; Assignment Name                     ; Value                         ; Default Value ; Entity Name ; Section Id     ;
+-------------------------------------+-------------------------------+---------------+-------------+----------------+
; COMPILER_SIGNATURE_ID               ; 8796759281656.146236434003831 ; --            ; --          ; --             ;
; EDA_OUTPUT_DATA_FORMAT              ; Vhdl                          ; --            ; --          ; eda_simulation ;
; EDA_SIMULATION_TOOL                 ; ModelSim-Altera (VHDL)        ; <None>        ; --          ; --             ;
; PARTITION_COLOR                     ; 16764057                      ; --            ; --          ; Top            ;
; PARTITION_FITTER_PRESERVATION_LEVEL ; PLACEMENT_AND_ROUTING         ; --            ; --          ; Top            ;
; PARTITION_NETLIST_TYPE              ; SOURCE                        ; --            ; --          ; Top            ;
; PROJECT_OUTPUT_DIRECTORY            ; output_files                  ; --            ; --          ; --             ;
+-------------------------------------+-------------------------------+---------------+-------------+----------------+


+-------------------------------------------------------------------------------------------------------------------------------+
; Flow Elapsed Time                                                                                                             ;
+---------------------------+--------------+-------------------------+---------------------+------------------------------------+
; Module Name               ; Elapsed Time ; Average Processors Used ; Peak Virtual Memory ; Total CPU Time (on all processors) ;
+---------------------------+--------------+-------------------------+---------------------+------------------------------------+
; Analysis & Synthesis      ; 00:00:37     ; 1.0                     ; 1059 MB             ; 00:00:26                           ;
; Fitter                    ; 00:02:13     ; 1.0                     ; 1981 MB             ; 00:01:25                           ;
; Assembler                 ; 00:00:23     ; 1.0                     ; 975 MB              ; 00:00:14                           ;
; TimeQuest Timing Analyzer ; 00:00:18     ; 1.0                     ; 1224 MB             ; 00:00:10                           ;
; EDA Netlist Writer        ; 00:00:03     ; 1.0                     ; 1178 MB             ; 00:00:02                           ;
; Total                     ; 00:03:34     ; --                      ; --                  ; 00:02:17                           ;
+---------------------------+--------------+-------------------------+---------------------+------------------------------------+


+---------------------------------------------------------------------------------------------+
; Flow OS Summary                                                                             ;
+---------------------------+------------------+----------------+------------+----------------+
; Module Name               ; Machine Hostname ; OS Name        ; OS Version ; Processor type ;
+---------------------------+------------------+----------------+------------+----------------+
; Analysis & Synthesis      ; mathias-cdc      ; Ubuntu 14.04.4 ; 14         ; x86_64         ;
; Fitter                    ; mathias-cdc      ; Ubuntu 14.04.4 ; 14         ; x86_64         ;
; Assembler                 ; mathias-cdc      ; Ubuntu 14.04.4 ; 14         ; x86_64         ;
; TimeQuest Timing Analyzer ; mathias-cdc      ; Ubuntu 14.04.4 ; 14         ; x86_64         ;
; EDA Netlist Writer        ; mathias-cdc      ; Ubuntu 14.04.4 ; 14         ; x86_64         ;
+---------------------------+------------------+----------------+------------+----------------+


------------
; Flow Log ;
------------
quartus_map --read_settings_files=on --write_settings_files=off l2r_noc -c l2r_noc
quartus_fit --read_settings_files=off --write_settings_files=off l2r_noc -c l2r_noc
quartus_asm --read_settings_files=off --write_settings_files=off l2r_noc -c l2r_noc
quartus_sta l2r_noc -c l2r_noc
quartus_eda --read_settings_files=off --write_settings_files=off l2r_noc -c l2r_noc



